This is pdfTeX, Version 3.1415926-1.40.11 (MiKTeX 2.9) (preloaded format=pdftex 2011.1.3)  3 JAN 2011 00:06
entering extended mode
**D:/code/msc/writeup/jm.ref.bib
(D:/code/msc/writeup/jm.ref.bib
Overfull \hbox (20.8297pt too wide) in paragraph at lines 23--55
\tenrm http://arxiv.org/pdf/quant-ph/0303081, citeulike-linkout-2 = http://dx.d
oi.org/10.1080/00107151031000110776,|

\hbox(7.5+2.5)x469.75499, glue set - 1.0
.\tenrm h
.\kern-0.27779
.\tenrm t
.\tenrm t
.\tenrm p
.etc.


Overfull \hbox (141.52415pt too wide) in paragraph at lines 23--55
\tenrm lisher = Tay-lor & Fran-cis, ti-tle = Quan-tum ran-dom walks - an in-tro
-duc-tory overview, url = http://dx.doi.org/10.1080/00107151031000110776,|

\hbox(7.5+2.5)x469.75499, glue set - 1.0
.\tenrm l
.\tenrm i
.\tenrm s
.\tenrm h
.\tenrm e
.etc.

)
*
! Emergency stop.
<*> D:/code/msc/writeup/jm.ref.bib
                                  
End of file on the terminal!

!  ==> Fatal error occurred, no output PDF file produced!
